<?xml version="1.0" encoding="UTF-8"?>
<!-- Generated by org.testng.reporters.JUnitReportReporter -->
<testsuite skipped="0" hostname="DESKTOP-F7U0S8P" name="parrallelScripts.SampleOneTest" tests="1" failures="0" timestamp="2023-03-05T01:09:20 IST" time="0.087" errors="0">
  <testcase name="testOne" time="0.087" classname="parrallelScripts.SampleOneTest"/>
  <system-out/>
</testsuite> <!-- parrallelScripts.SampleOneTest -->
