<?xml version="1.0" encoding="UTF-8"?>
<!-- Generated by org.testng.reporters.JUnitReportReporter -->
<testsuite skipped="0" hostname="DESKTOP-F7U0S8P" name="testScript.SampleTwoTest" tests="1" failures="0" timestamp="2023-03-04T11:37:34 IST" time="78.245" errors="0">
  <testcase name="cypressSearchTest" time="78.245" classname="testScript.SampleTwoTest"/>
  <system-out/>
</testsuite> <!-- testScript.SampleTwoTest -->
