<?xml version="1.0" encoding="UTF-8"?>
<!-- Generated by org.testng.reporters.JUnitReportReporter -->
<testsuite hostname="DESKTOP-F7U0S8P" failures="0" tests="4" name="parrallelScripts.SampleTwoTest" time="0.028" errors="0" timestamp="2023-03-02T19:34:01 IST" skipped="0">
  <testcase classname="parrallelScripts.SampleTwoTest" name="testFour" time="0.005"/>
  <system-out/>
  <testcase classname="parrallelScripts.SampleTwoTest" name="testTwo" time="0.007"/>
  <system-out/>
  <testcase classname="parrallelScripts.SampleTwoTest" name="testOne" time="0.005"/>
  <system-out/>
  <testcase classname="parrallelScripts.SampleTwoTest" name="testThree" time="0.011"/>
  <system-out/>
</testsuite> <!-- parrallelScripts.SampleTwoTest -->
