<?xml version="1.0" encoding="UTF-8"?>
<!-- Generated by org.testng.reporters.JUnitReportReporter -->
<testsuite hostname="DESKTOP-F7U0S8P" failures="0" tests="4" name="parrallelScripts.SampleThreeTest" time="0.357" errors="0" timestamp="2023-03-02T19:34:01 IST" skipped="0">
  <testcase classname="parrallelScripts.SampleThreeTest" name="testThree" time="0.228"/>
  <system-out/>
  <testcase classname="parrallelScripts.SampleThreeTest" name="testTwo" time="0.004"/>
  <system-out/>
  <testcase classname="parrallelScripts.SampleThreeTest" name="testFour" time="0.119"/>
  <system-out/>
  <testcase classname="parrallelScripts.SampleThreeTest" name="testOne" time="0.006"/>
  <system-out/>
</testsuite> <!-- parrallelScripts.SampleThreeTest -->
