<?xml version="1.0" encoding="UTF-8"?>
<!-- Generated by org.testng.reporters.JUnitReportReporter -->
<testsuite hostname="DESKTOP-F7U0S8P" failures="0" tests="1" name="testScript.SampleOneTest" time="95.476" errors="0" timestamp="2023-02-28T20:48:05 IST" skipped="0">
  <testcase classname="testScript.SampleOneTest" name="javaSearchTest" time="95.476"/>
  <system-out/>
</testsuite> <!-- testScript.SampleOneTest -->
