<?xml version="1.0" encoding="UTF-8"?>
<!-- Generated by org.testng.reporters.JUnitReportReporter -->
<testsuite hostname="DESKTOP-F7U0S8P" failures="0" tests="1" name="testScript.DownloadTest" time="122.869" errors="0" timestamp="2023-02-28T19:22:33 IST" skipped="0">
  <testcase classname="testScript.DownloadTest" name="downloadfile" time="122.869"/>
  <system-out/>
</testsuite> <!-- testScript.DownloadTest -->
